2012/07/28 22:18:23 [error] [exception.CHttpException.400] exception 'CHttpException' with message 'Your request is invalid.' in C:\AppServ\www\yii\framework\web\CController.php:337
Stack trace:
#0 C:\AppServ\www\yii\framework\web\CController.php(310): CController->invalidActionParams(Object(CInlineAction))
#1 C:\AppServ\www\yii\framework\web\filters\CFilterChain.php(134): CController->runAction(Object(CInlineAction))
#2 C:\AppServ\www\yii\framework\web\filters\CFilter.php(41): CFilterChain->run()
#3 C:\AppServ\www\dep1.4\protected\modules\rights\components\RController.php(36): CFilter->filter(Object(CFilterChain))
#4 C:\AppServ\www\yii\framework\web\filters\CInlineFilter.php(59): RController->filterRights(Object(CFilterChain))
#5 C:\AppServ\www\yii\framework\web\filters\CFilterChain.php(131): CInlineFilter->filter(Object(CFilterChain))
#6 C:\AppServ\www\yii\framework\web\CController.php(292): CFilterChain->run()
#7 C:\AppServ\www\yii\framework\web\CController.php(266): CController->runActionWithFilters(Object(CInlineAction), Array)
#8 C:\AppServ\www\yii\framework\web\CWebApplication.php(276): CController->run('create')
#9 C:\AppServ\www\yii\framework\web\CWebApplication.php(135): CWebApplication->runController('peticionet/crea...')
#10 C:\AppServ\www\yii\framework\base\CApplication.php(162): CWebApplication->processRequest()
#11 C:\AppServ\www\dep1.4\index.php(13): CApplication->run()
#12 {main}
REQUEST_URI=/dep1.4/index.php/peticionet/create
---
2012/07/28 22:19:45 [error] [exception.CHttpException.400] exception 'CHttpException' with message 'The CSRF token could not be verified.' in C:\AppServ\www\yii\framework\web\CHttpRequest.php:929
Stack trace:
#0 C:\AppServ\www\yii\framework\base\CComponent.php(559): CHttpRequest->validateCsrfToken(Object(CEvent))
#1 C:\AppServ\www\yii\framework\base\CApplication.php(189): CComponent->raiseEvent('onBeginRequest', Object(CEvent))
#2 C:\AppServ\www\yii\framework\base\CApplication.php(161): CApplication->onBeginRequest(Object(CEvent))
#3 C:\AppServ\www\dep1.4\index.php(13): CApplication->run()
#4 {main}
REQUEST_URI=/dep1.4/index.php/peticionet/crear/2
HTTP_REFERER=http://localhost:8080/dep1.4/index.php/procesocompra/2
---
2012/07/28 22:20:34 [error] [exception.CHttpException.400] exception 'CHttpException' with message 'The CSRF token could not be verified.' in C:\AppServ\www\yii\framework\web\CHttpRequest.php:929
Stack trace:
#0 C:\AppServ\www\yii\framework\base\CComponent.php(559): CHttpRequest->validateCsrfToken(Object(CEvent))
#1 C:\AppServ\www\yii\framework\base\CApplication.php(189): CComponent->raiseEvent('onBeginRequest', Object(CEvent))
#2 C:\AppServ\www\yii\framework\base\CApplication.php(161): CApplication->onBeginRequest(Object(CEvent))
#3 C:\AppServ\www\dep1.4\index.php(13): CApplication->run()
#4 {main}
REQUEST_URI=/dep1.4/index.php/peticionet/crear/2
HTTP_REFERER=http://localhost:8080/dep1.4/index.php/procesocompra/2
---
2012/07/28 22:26:13 [error] [exception.CHttpException.400] exception 'CHttpException' with message 'The CSRF token could not be verified.' in C:\AppServ\www\yii\framework\web\CHttpRequest.php:929
Stack trace:
#0 C:\AppServ\www\yii\framework\base\CComponent.php(559): CHttpRequest->validateCsrfToken(Object(CEvent))
#1 C:\AppServ\www\yii\framework\base\CApplication.php(189): CComponent->raiseEvent('onBeginRequest', Object(CEvent))
#2 C:\AppServ\www\yii\framework\base\CApplication.php(161): CApplication->onBeginRequest(Object(CEvent))
#3 C:\AppServ\www\dep1.4\index.php(13): CApplication->run()
#4 {main}
REQUEST_URI=/dep1.4/index.php/peticionet/crear/2
HTTP_REFERER=http://localhost:8080/dep1.4/index.php/procesocompra/2
---
